# JRE version: OpenJDK Runtime Environment (11.0.10) (build 11.0.10+0-b96-7249189)
# Java VM: OpenJDK 64-Bit Server VM (11.0.10+0-b96-7249189, mixed mode, tiered, compressed oops, g1 gc, windows-amd64)
Heap:
 garbage-first heap   total 196608K, used 91443K [0x0000000080000000, 0x0000000100000000)
  region size 1024K, 45 young (46080K), 4 survivors (4096K)
 Metaspace       used 62425K, capacity 63900K, committed 64076K, reserved 1105920K
  class space    used 7915K, capacity 8466K, committed 8524K, reserved 1048576K
GC Heap History (20 events):
Event: 0.761 GC heap before
{Heap before GC invocations=0 (full 0):
 garbage-first heap   total 196608K, used 19456K [0x0000000080000000, 0x0000000100000000)
  region size 1024K, 14 young (14336K), 0 survivors (0K)
 Metaspace       used 6739K, capacity 6921K, committed 7168K, reserved 1056768K
  class space    used 582K, capacity 650K, committed 768K, reserved 1048576K
}
Event: 0.781 GC heap after
{Heap after GC invocations=1 (full 0):
 garbage-first heap   total 196608K, used 7876K [0x0000000080000000, 0x0000000100000000)
  region size 1024K, 2 young (2048K), 2 survivors (2048K)
 Metaspace       used 6739K, capacity 6921K, committed 7168K, reserved 1056768K
  class space    used 582K, capacity 650K, committed 768K, reserved 1048576K
}
Event: 1.341 GC heap before
{Heap before GC invocations=1 (full 0):
 garbage-first heap   total 196608K, used 20164K [0x0000000080000000, 0x0000000100000000)
  region size 1024K, 14 young (14336K), 2 survivors (2048K)
 Metaspace       used 10224K, capacity 10485K, committed 10624K, reserved 1058816K
  class space    used 1064K, capacity 1139K, committed 1152K, reserved 1048576K
}
Event: 1.345 GC heap after
{Heap after GC invocations=2 (full 0):
 garbage-first heap   total 196608K, used 9425K [0x0000000080000000, 0x0000000100000000)
  region size 1024K, 2 young (2048K), 2 survivors (2048K)
 Metaspace       used 10224K, capacity 10485K, committed 10624K, reserved 1058816K
  class space    used 1064K, capacity 1139K, committed 1152K, reserved 1048576K
}
Event: 2.035 GC heap before
{Heap before GC invocations=2 (full 0):
 garbage-first heap   total 196608K, used 40145K [0x0000000080000000, 0x0000000100000000)
  region size 1024K, 32 young (32768K), 2 survivors (2048K)
 Metaspace       used 11167K, capacity 11502K, committed 11776K, reserved 1060864K
  class space    used 1166K, capacity 1243K, committed 1280K, reserved 1048576K
}
Event: 2.038 GC heap after
{Heap after GC invocations=3 (full 0):
 garbage-first heap   total 196608K, used 11588K [0x0000000080000000, 0x0000000100000000)
  region size 1024K, 4 young (4096K), 4 survivors (4096K)
 Metaspace       used 11167K, capacity 11502K, committed 11776K, reserved 1060864K
  class space    used 1166K, capacity 1243K, committed 1280K, reserved 1048576K
}
Event: 4.670 GC heap before
{Heap before GC invocations=3 (full 0):
 garbage-first heap   total 196608K, used 68932K [0x0000000080000000, 0x0000000100000000)
  region size 1024K, 60 young (61440K), 4 survivors (4096K)
 Metaspace       used 19486K, capacity 20022K, committed 20224K, reserved 1067008K
  class space    used 2384K, capacity 2543K, committed 2560K, reserved 1048576K
}
Event: 4.679 GC heap after
{Heap after GC invocations=4 (full 0):
 garbage-first heap   total 196608K, used 16497K [0x0000000080000000, 0x0000000100000000)
  region size 1024K, 8 young (8192K), 8 survivors (8192K)
 Metaspace       used 19486K, capacity 20022K, committed 20224K, reserved 1067008K
  class space    used 2384K, capacity 2543K, committed 2560K, reserved 1048576K
}
Event: 5.008 GC heap before
{Heap before GC invocations=4 (full 0):
 garbage-first heap   total 196608K, used 22641K [0x0000000080000000, 0x0000000100000000)
  region size 1024K, 15 young (15360K), 8 survivors (8192K)
 Metaspace       used 20554K, capacity 21088K, committed 21248K, reserved 1067008K
  class space    used 2504K, capacity 2690K, committed 2816K, reserved 1048576K
}
Event: 5.014 GC heap after
{Heap after GC invocations=5 (full 0):
 garbage-first heap   total 196608K, used 17002K [0x0000000080000000, 0x0000000100000000)
  region size 1024K, 6 young (6144K), 6 survivors (6144K)
 Metaspace       used 20554K, capacity 21088K, committed 21248K, reserved 1067008K
  class space    used 2504K, capacity 2690K, committed 2816K, reserved 1048576K
}
Event: 7.154 GC heap before
{Heap before GC invocations=6 (full 0):
 garbage-first heap   total 196608K, used 69226K [0x0000000080000000, 0x0000000100000000)
  region size 1024K, 57 young (58368K), 6 survivors (6144K)
 Metaspace       used 25779K, capacity 26484K, committed 26752K, reserved 1073152K
  class space    used 3372K, capacity 3600K, committed 3712K, reserved 1048576K
}
Event: 7.162 GC heap after
{Heap after GC invocations=7 (full 0):
 garbage-first heap   total 196608K, used 18977K [0x0000000080000000, 0x0000000100000000)
  region size 1024K, 3 young (3072K), 3 survivors (3072K)
 Metaspace       used 25779K, capacity 26484K, committed 26752K, reserved 1073152K
  class space    used 3372K, capacity 3600K, committed 3712K, reserved 1048576K
}
Event: 9.473 GC heap before
{Heap before GC invocations=7 (full 0):
 garbage-first heap   total 196608K, used 77345K [0x0000000080000000, 0x0000000100000000)
  region size 1024K, 61 young (62464K), 3 survivors (3072K)
 Metaspace       used 35061K, capacity 35822K, committed 35840K, reserved 1081344K
  class space    used 4540K, capacity 4864K, committed 4864K, reserved 1048576K
}
Event: 9.487 GC heap after
{Heap after GC invocations=8 (full 0):
 garbage-first heap   total 196608K, used 21915K [0x0000000080000000, 0x0000000100000000)
  region size 1024K, 6 young (6144K), 6 survivors (6144K)
 Metaspace       used 35061K, capacity 35822K, committed 35840K, reserved 1081344K
  class space    used 4540K, capacity 4864K, committed 4864K, reserved 1048576K
}
Event: 11.597 GC heap before
{Heap before GC invocations=9 (full 0):
 garbage-first heap   total 196608K, used 118171K [0x0000000080000000, 0x0000000100000000)
  region size 1024K, 97 young (99328K), 6 survivors (6144K)
 Metaspace       used 42745K, capacity 43783K, committed 43980K, reserved 1087488K
  class space    used 5438K, capacity 5821K, committed 5836K, reserved 1048576K
}
Event: 11.613 GC heap after
{Heap after GC invocations=10 (full 0):
 garbage-first heap   total 196608K, used 27992K [0x0000000080000000, 0x0000000100000000)
  region size 1024K, 12 young (12288K), 12 survivors (12288K)
 Metaspace       used 42745K, capacity 43783K, committed 43980K, reserved 1087488K
  class space    used 5438K, capacity 5821K, committed 5836K, reserved 1048576K
}
Event: 14.593 GC heap before
{Heap before GC invocations=10 (full 0):
 garbage-first heap   total 196608K, used 131416K [0x0000000080000000, 0x0000000100000000)
  region size 1024K, 105 young (107520K), 12 survivors (12288K)
 Metaspace       used 48017K, capacity 49266K, committed 49356K, reserved 1091584K
  class space    used 6125K, capacity 6562K, committed 6604K, reserved 1048576K
}
Event: 14.615 GC heap after
{Heap after GC invocations=11 (full 0):
 garbage-first heap   total 196608K, used 47210K [0x0000000080000000, 0x0000000100000000)
  region size 1024K, 14 young (14336K), 14 survivors (14336K)
 Metaspace       used 48017K, capacity 49266K, committed 49356K, reserved 1091584K
  class space    used 6125K, capacity 6562K, committed 6604K, reserved 1048576K
}
Event: 15.784 GC heap before
{Heap before GC invocations=11 (full 0):
 garbage-first heap   total 196608K, used 118890K [0x0000000080000000, 0x0000000100000000)
  region size 1024K, 85 young (87040K), 14 survivors (14336K)
 Metaspace       used 58690K, capacity 60147K, committed 60236K, reserved 1101824K
  class space    used 7432K, capacity 7970K, committed 8012K, reserved 1048576K
}
Event: 15.811 GC heap after
{Heap after GC invocations=12 (full 0):
 garbage-first heap   total 196608K, used 51507K [0x0000000080000000, 0x0000000100000000)
  region size 1024K, 4 young (4096K), 4 survivors (4096K)
 Metaspace       used 58690K, capacity 60147K, committed 60236K, reserved 1101824K
  class space    used 7432K, capacity 7970K, committed 8012K, reserved 1048576K
}

